# JRE version: OpenJDK Runtime Environment (21.0.10) (build 21.0.10+-14961533-b1163.108)
# Java VM: OpenJDK 64-Bit Server VM (21.0.10+-14961533-b1163.108, mixed mode, tiered, compressed oops, compressed class ptrs, g1 gc, windows-amd64)
GC Precious Log:
 CardTable entry size: 512
 Card Set container configuration: InlinePtr #cards 5 size 8 Array Of Cards #cards 12 size 40 Howl #buckets 4 coarsen threshold 1843 Howl Bitmap #cards 512 size 80 coarsen threshold 460 Card regions per heap region 1 cards per card region 2048
 CPUs: 8 total, 8 available
 Memory: 3856M
 Large Page Support: Disabled
 NUMA Support: Disabled
 Compressed Oops: Enabled (32-bit)
 Heap Region Size: 1M
 Heap Min Capacity: 8M
 Heap Initial Capacity: 62M
 Heap Max Capacity: 2G
 Pre-touch: Disabled
 Parallel Workers: 8
 Concurrent Workers: 2
 Concurrent Refinement Workers: 8
 Periodic GC: Disabled
Heap:
 garbage-first heap   total 63488K, used 25572K [0x0000000080000000, 0x0000000100000000)
  region size 1024K, 6 young (6144K), 2 survivors (2048K)
 Metaspace       used 26940K, committed 27328K, reserved 1114112K
  class space    used 3361K, committed 3520K, reserved 1048576K
GC Heap History (8 events):
Event: 3.783 GC heap before
{Heap before GC invocations=0 (full 0):
 garbage-first heap   total 63488K, used 26624K [0x0000000080000000, 0x0000000100000000)
  region size 1024K, 23 young (23552K), 0 survivors (0K)
 Metaspace       used 9928K, committed 10048K, reserved 1114112K
  class space    used 985K, committed 1024K, reserved 1048576K
}
Event: 3.790 GC heap after
{Heap after GC invocations=1 (full 0):
 garbage-first heap   total 63488K, used 10816K [0x0000000080000000, 0x0000000100000000)
  region size 1024K, 3 young (3072K), 3 survivors (3072K)
 Metaspace       used 9928K, committed 10048K, reserved 1114112K
  class space    used 985K, committed 1024K, reserved 1048576K
}
Event: 6.257 GC heap before
{Heap before GC invocations=1 (full 0):
 garbage-first heap   total 63488K, used 35392K [0x0000000080000000, 0x0000000100000000)
  region size 1024K, 27 young (27648K), 3 survivors (3072K)
 Metaspace       used 12833K, committed 12992K, reserved 1114112K
  class space    used 1412K, committed 1472K, reserved 1048576K
}
Event: 6.262 GC heap after
{Heap after GC invocations=2 (full 0):
 garbage-first heap   total 63488K, used 12234K [0x0000000080000000, 0x0000000100000000)
  region size 1024K, 2 young (2048K), 2 survivors (2048K)
 Metaspace       used 12833K, committed 12992K, reserved 1114112K
  class space    used 1412K, committed 1472K, reserved 1048576K
}
Event: 7.045 GC heap before
{Heap before GC invocations=2 (full 0):
 garbage-first heap   total 63488K, used 42954K [0x0000000080000000, 0x0000000100000000)
  region size 1024K, 31 young (31744K), 2 survivors (2048K)
 Metaspace       used 13215K, committed 13376K, reserved 1114112K
  class space    used 1467K, committed 1536K, reserved 1048576K
}
Event: 7.050 GC heap after
{Heap after GC invocations=3 (full 0):
 garbage-first heap   total 63488K, used 16814K [0x0000000080000000, 0x0000000100000000)
  region size 1024K, 4 young (4096K), 4 survivors (4096K)
 Metaspace       used 13215K, committed 13376K, reserved 1114112K
  class space    used 1467K, committed 1536K, reserved 1048576K
}
Event: 9.858 GC heap before
{Heap before GC invocations=3 (full 0):
 garbage-first heap   total 63488K, used 40366K [0x0000000080000000, 0x0000000100000000)
  region size 1024K, 28 young (28672K), 4 survivors (4096K)
 Metaspace       used 21183K, committed 21504K, reserved 1114112K
  class space    used 2488K, committed 2688K, reserved 1048576K
}
Event: 9.864 GC heap after
{Heap after GC invocations=4 (full 0):
 garbage-first heap   total 63488K, used 20885K [0x0000000080000000, 0x0000000100000000)
  region size 1024K, 4 young (4096K), 4 survivors (4096K)
 Metaspace       used 21183K, committed 21504K, reserved 1114112K
  class space    used 2488K, committed 2688K, reserved 1048576K
}

